In clock cycle: 3
Register Write to Reg: 0x00 Val: 0x00000000
In clock cycle: 4
Register Write to Reg: 0x02 Val: 0x7FFFF000
In clock cycle: 5
Register Write to Reg: 0x02 Val: 0x7FFFEFFC
In clock cycle: 6
Register Write to Reg: 0x0A Val: 0x00000005
In clock cycle: 7
Register Write to Reg: 0x0B Val: 0x1001000C
In clock cycle: 8
Register Write to Reg: 0x0B Val: 0x10010000
In clock cycle: 9
Register Write to Reg: 0x01 Val: 0x00400018
In clock cycle: 11
Register Write to Reg: 0x00 Val: 0x00000000
In clock cycle: 12
Register Write to Reg: 0x02 Val: 0x7FFFEFEC
In clock cycle: 14
Memory Write to Addr: 0x7FFFEFF8 Val: 0x00400018
In clock cycle: 15
Memory Write to Addr: 0x7FFFEFF4 Val: 0x00000000
In clock cycle: 17
Register Write to Reg: 0x08 Val: 0x7FFFEFFC
In clock cycle: 19
Register Write to Reg: 0x05 Val: 0x00000000
In clock cycle: 20
Register Write to Reg: 0x06 Val: 0x00000000
In clock cycle: 21
Register Write to Reg: 0x07 Val: 0x00000005
In clock cycle: 22
Register Write to Reg: 0x07 Val: 0x00000004
In clock cycle: 23
Register Write to Reg: 0x1C Val: 0x00000000
In clock cycle: 24
Register Write to Reg: 0x1D Val: 0x10010000
In clock cycle: 26
Register Write to Reg: 0x1E Val: 0x00000001
In clock cycle: 27
Register Write to Reg: 0x1F Val: 0x00000005
In clock cycle: 31
Register Write to Reg: 0x00 Val: 0x00000000
In clock cycle: 32
Register Write to Reg: 0x06 Val: 0x00000001
In clock cycle: 35
Register Write to Reg: 0x00 Val: 0x00000000
In clock cycle: 36
Register Write to Reg: 0x1C Val: 0x00000004
In clock cycle: 37
Register Write to Reg: 0x1D Val: 0x10010004
In clock cycle: 39
Register Write to Reg: 0x1E Val: 0x00000005
In clock cycle: 40
Register Write to Reg: 0x1F Val: 0x00000004
In clock cycle: 42
Memory Write to Addr: 0x10010004 Val: 0x00000004
In clock cycle: 43
Memory Write to Addr: 0x10010008 Val: 0x00000005
In clock cycle: 45
Register Write to Reg: 0x05 Val: 0x00000001
In clock cycle: 46
Register Write to Reg: 0x06 Val: 0x00000002
In clock cycle: 49
Register Write to Reg: 0x00 Val: 0x00000000
In clock cycle: 50
Register Write to Reg: 0x1C Val: 0x00000008
In clock cycle: 51
Register Write to Reg: 0x1D Val: 0x10010008
In clock cycle: 53
Register Write to Reg: 0x1E Val: 0x00000005
In clock cycle: 54
Register Write to Reg: 0x1F Val: 0x00000003
In clock cycle: 56
Memory Write to Addr: 0x10010008 Val: 0x00000003
In clock cycle: 57
Memory Write to Addr: 0x1001000C Val: 0x00000005
In clock cycle: 59
Register Write to Reg: 0x05 Val: 0x00000001
In clock cycle: 60
Register Write to Reg: 0x06 Val: 0x00000003
In clock cycle: 63
Register Write to Reg: 0x00 Val: 0x00000000
In clock cycle: 64
Register Write to Reg: 0x1C Val: 0x0000000C
In clock cycle: 65
Register Write to Reg: 0x1D Val: 0x1001000C
In clock cycle: 67
Register Write to Reg: 0x1E Val: 0x00000005
In clock cycle: 68
Register Write to Reg: 0x1F Val: 0x00000002
In clock cycle: 70
Memory Write to Addr: 0x1001000C Val: 0x00000002
In clock cycle: 71
Memory Write to Addr: 0x10010010 Val: 0x00000005
In clock cycle: 73
Register Write to Reg: 0x05 Val: 0x00000001
In clock cycle: 74
Register Write to Reg: 0x06 Val: 0x00000004
In clock cycle: 77
Register Write to Reg: 0x0A Val: 0x00000004
In clock cycle: 80
Register Write to Reg: 0x00 Val: 0x00000000
In clock cycle: 81
Register Write to Reg: 0x05 Val: 0x00000000
In clock cycle: 82
Register Write to Reg: 0x06 Val: 0x00000000
In clock cycle: 83
Register Write to Reg: 0x07 Val: 0x00000004
In clock cycle: 84
Register Write to Reg: 0x07 Val: 0x00000003
In clock cycle: 85
Register Write to Reg: 0x1C Val: 0x00000000
In clock cycle: 86
Register Write to Reg: 0x1D Val: 0x10010000
In clock cycle: 88
Register Write to Reg: 0x1E Val: 0x00000001
In clock cycle: 89
Register Write to Reg: 0x1F Val: 0x00000004
In clock cycle: 93
Register Write to Reg: 0x00 Val: 0x00000000
In clock cycle: 94
Register Write to Reg: 0x06 Val: 0x00000001
In clock cycle: 97
Register Write to Reg: 0x00 Val: 0x00000000
In clock cycle: 98
Register Write to Reg: 0x1C Val: 0x00000004
In clock cycle: 99
Register Write to Reg: 0x1D Val: 0x10010004
In clock cycle: 101
Register Write to Reg: 0x1E Val: 0x00000004
In clock cycle: 102
Register Write to Reg: 0x1F Val: 0x00000003
In clock cycle: 104
Memory Write to Addr: 0x10010004 Val: 0x00000003
In clock cycle: 105
Memory Write to Addr: 0x10010008 Val: 0x00000004
In clock cycle: 107
Register Write to Reg: 0x05 Val: 0x00000001
In clock cycle: 108
Register Write to Reg: 0x06 Val: 0x00000002
In clock cycle: 111
Register Write to Reg: 0x00 Val: 0x00000000
In clock cycle: 112
Register Write to Reg: 0x1C Val: 0x00000008
In clock cycle: 113
Register Write to Reg: 0x1D Val: 0x10010008
In clock cycle: 115
Register Write to Reg: 0x1E Val: 0x00000004
In clock cycle: 116
Register Write to Reg: 0x1F Val: 0x00000002
In clock cycle: 118
Memory Write to Addr: 0x10010008 Val: 0x00000002
In clock cycle: 119
Memory Write to Addr: 0x1001000C Val: 0x00000004
In clock cycle: 121
Register Write to Reg: 0x05 Val: 0x00000001
In clock cycle: 122
Register Write to Reg: 0x06 Val: 0x00000003
In clock cycle: 125
Register Write to Reg: 0x0A Val: 0x00000003
In clock cycle: 128
Register Write to Reg: 0x00 Val: 0x00000000
In clock cycle: 129
Register Write to Reg: 0x05 Val: 0x00000000
In clock cycle: 130
Register Write to Reg: 0x06 Val: 0x00000000
In clock cycle: 131
Register Write to Reg: 0x07 Val: 0x00000003
In clock cycle: 132
Register Write to Reg: 0x07 Val: 0x00000002
In clock cycle: 133
Register Write to Reg: 0x1C Val: 0x00000000
In clock cycle: 134
Register Write to Reg: 0x1D Val: 0x10010000
In clock cycle: 136
Register Write to Reg: 0x1E Val: 0x00000001
In clock cycle: 137
Register Write to Reg: 0x1F Val: 0x00000003
In clock cycle: 141
Register Write to Reg: 0x00 Val: 0x00000000
In clock cycle: 142
Register Write to Reg: 0x06 Val: 0x00000001
In clock cycle: 145
Register Write to Reg: 0x00 Val: 0x00000000
In clock cycle: 146
Register Write to Reg: 0x1C Val: 0x00000004
In clock cycle: 147
Register Write to Reg: 0x1D Val: 0x10010004
In clock cycle: 149
Register Write to Reg: 0x1E Val: 0x00000003
In clock cycle: 150
Register Write to Reg: 0x1F Val: 0x00000002
In clock cycle: 152
Memory Write to Addr: 0x10010004 Val: 0x00000002
In clock cycle: 153
Memory Write to Addr: 0x10010008 Val: 0x00000003
In clock cycle: 155
Register Write to Reg: 0x05 Val: 0x00000001
In clock cycle: 156
Register Write to Reg: 0x06 Val: 0x00000002
In clock cycle: 159
Register Write to Reg: 0x0A Val: 0x00000002
In clock cycle: 162
Register Write to Reg: 0x00 Val: 0x00000000
In clock cycle: 163
Register Write to Reg: 0x05 Val: 0x00000000
In clock cycle: 164
Register Write to Reg: 0x06 Val: 0x00000000
In clock cycle: 165
Register Write to Reg: 0x07 Val: 0x00000002
In clock cycle: 166
Register Write to Reg: 0x07 Val: 0x00000001
In clock cycle: 167
Register Write to Reg: 0x1C Val: 0x00000000
In clock cycle: 168
Register Write to Reg: 0x1D Val: 0x10010000
In clock cycle: 170
Register Write to Reg: 0x1E Val: 0x00000001
In clock cycle: 171
Register Write to Reg: 0x1F Val: 0x00000002
In clock cycle: 175
Register Write to Reg: 0x00 Val: 0x00000000
In clock cycle: 176
Register Write to Reg: 0x06 Val: 0x00000001
In clock cycle: 180
Register Write to Reg: 0x00 Val: 0x00000000
In clock cycle: 181
Register Write to Reg: 0x01 Val: 0x00400018
In clock cycle: 182
Register Write to Reg: 0x08 Val: 0x00000000
In clock cycle: 183
Register Write to Reg: 0x02 Val: 0x7FFFEFFC
In clock cycle: 184
Register Write to Reg: 0x00 Val: 0x004000B8
In clock cycle: 186
Register Write to Reg: 0x00 Val: 0x00000000
In clock cycle: 187
Register Write to Reg: 0x05 Val: 0x10010018
In clock cycle: 188
Register Write to Reg: 0x05 Val: 0x10010000
In clock cycle: 189
Register Write to Reg: 0x06 Val: 0x10010020
In clock cycle: 190
Register Write to Reg: 0x06 Val: 0x10010014
In clock cycle: 191
Register Write to Reg: 0x07 Val: 0x00000005
In clock cycle: 193
Register Write to Reg: 0x1E Val: 0x00000001
In clock cycle: 194
Register Write to Reg: 0x1F Val: 0x00000001
In clock cycle: 198
Register Write to Reg: 0x05 Val: 0x10010004
In clock cycle: 199
Register Write to Reg: 0x06 Val: 0x10010018
In clock cycle: 200
Register Write to Reg: 0x07 Val: 0x00000004
In clock cycle: 201
Register Write to Reg: 0x00 Val: 0x0040004C
In clock cycle: 203
Register Write to Reg: 0x00 Val: 0x00000000
In clock cycle: 205
Register Write to Reg: 0x1E Val: 0x00000002
In clock cycle: 206
Register Write to Reg: 0x1F Val: 0x00000002
In clock cycle: 210
Register Write to Reg: 0x05 Val: 0x10010008
In clock cycle: 211
Register Write to Reg: 0x06 Val: 0x1001001C
In clock cycle: 212
Register Write to Reg: 0x07 Val: 0x00000003
In clock cycle: 213
Register Write to Reg: 0x00 Val: 0x0040004C
In clock cycle: 215
Register Write to Reg: 0x00 Val: 0x00000000
In clock cycle: 217
Register Write to Reg: 0x1E Val: 0x00000003
In clock cycle: 218
Register Write to Reg: 0x1F Val: 0x00000003
In clock cycle: 222
Register Write to Reg: 0x05 Val: 0x1001000C
In clock cycle: 223
Register Write to Reg: 0x06 Val: 0x10010020
In clock cycle: 224
Register Write to Reg: 0x07 Val: 0x00000002
In clock cycle: 225
Register Write to Reg: 0x00 Val: 0x0040004C
In clock cycle: 227
Register Write to Reg: 0x00 Val: 0x00000000
In clock cycle: 229
Register Write to Reg: 0x1E Val: 0x00000004
In clock cycle: 230
Register Write to Reg: 0x1F Val: 0x00000004
In clock cycle: 234
Register Write to Reg: 0x05 Val: 0x10010010
In clock cycle: 235
Register Write to Reg: 0x06 Val: 0x10010024
In clock cycle: 236
Register Write to Reg: 0x07 Val: 0x00000001
In clock cycle: 237
Register Write to Reg: 0x00 Val: 0x0040004C
In clock cycle: 239
Register Write to Reg: 0x00 Val: 0x00000000
In clock cycle: 241
Register Write to Reg: 0x1E Val: 0x00000005
In clock cycle: 242
Register Write to Reg: 0x1F Val: 0x00000005
In clock cycle: 246
Register Write to Reg: 0x05 Val: 0x10010014
In clock cycle: 247
Register Write to Reg: 0x06 Val: 0x10010028
In clock cycle: 248
Register Write to Reg: 0x07 Val: 0x00000000
In clock cycle: 249
Register Write to Reg: 0x00 Val: 0x0040004C
In clock cycle: 251
Register Write to Reg: 0x00 Val: 0x00000000
In clock cycle: 254
Register Write to Reg: 0x00 Val: 0x00000000
In clock cycle: 255
Register Write to Reg: 0x00 Val: 0x00400050
In clock cycle: 257
Register Write to Reg: 0x00 Val: 0x00000000
In clock cycle: 258
Register Write to Reg: 0x1C Val: 0x00000000
In clock cycle: 259
Register Write to Reg: 0x1D Val: 0x00C10000
In clock cycle: 260
Register Write to Reg: 0x1D Val: 0x00C0FFEE
Execution stopped at cycle 261
