[inst #1] lui x2,524287
Register Write to Reg: 0x02 Val: 0x7FFFF000
[inst #2] addi x2,x2,-4
Register Write to Reg: 0x02 Val: 0x7FFFEFFC
[inst #3] addi x29,x0,1
Register Write to Reg: 0x1D Val: 0x00000001
[inst #4] jal x1,8
Register Write to Reg: 0x01 Val: 0x00400010
[inst #5] addi x2,x2,-16
Register Write to Reg: 0x02 Val: 0x7FFFEFEC
[inst #6] sw x1,12(x2)
Memory Write to Addr: 0x7FFFEFF8 Val: 0x00400010
[inst #7] sw x8,8(x2)
Memory Write to Addr: 0x7FFFEFF4 Val: 0x00000000
[inst #8] addi x8,x2,16
Register Write to Reg: 0x08 Val: 0x7FFFEFFC
[inst #9] addi x29,x0,2
Register Write to Reg: 0x1D Val: 0x00000002
[inst #10] jal x1,24
Register Write to Reg: 0x01 Val: 0x0040002C
[inst #11] addi x2,x2,-16
Register Write to Reg: 0x02 Val: 0x7FFFEFDC
[inst #12] sw x1,12(x2)
Memory Write to Addr: 0x7FFFEFE8 Val: 0x0040002C
[inst #13] sw x8,8(x2)
Memory Write to Addr: 0x7FFFEFE4 Val: 0x7FFFEFFC
[inst #14] addi x8,x2,16
Register Write to Reg: 0x08 Val: 0x7FFFEFEC
[inst #15] addi x29,x0,3
Register Write to Reg: 0x1D Val: 0x00000003
[inst #16] jal x1,24
Register Write to Reg: 0x01 Val: 0x00400058
[inst #17] addi x2,x2,-16
Register Write to Reg: 0x02 Val: 0x7FFFEFCC
[inst #18] sw x1,12(x2)
Memory Write to Addr: 0x7FFFEFD8 Val: 0x00400058
[inst #19] sw x8,8(x2)
Memory Write to Addr: 0x7FFFEFD4 Val: 0x7FFFEFEC
[inst #20] addi x8,x2,16
Register Write to Reg: 0x08 Val: 0x7FFFEFDC
[inst #21] addi x29,x0,4
Register Write to Reg: 0x1D Val: 0x00000004
[inst #22] jal x1,24
Register Write to Reg: 0x01 Val: 0x00400084
[inst #23] addi x2,x2,-16
Register Write to Reg: 0x02 Val: 0x7FFFEFBC
[inst #24] sw x1,12(x2)
Memory Write to Addr: 0x7FFFEFC8 Val: 0x00400084
[inst #25] sw x8,8(x2)
Memory Write to Addr: 0x7FFFEFC4 Val: 0x7FFFEFDC
[inst #26] addi x8,x2,16
Register Write to Reg: 0x08 Val: 0x7FFFEFCC
[inst #27] addi x29,x0,5
Register Write to Reg: 0x1D Val: 0x00000005
[inst #28] jal x1,24
Register Write to Reg: 0x01 Val: 0x004000B0
[inst #29] addi x2,x2,-16
Register Write to Reg: 0x02 Val: 0x7FFFEFAC
[inst #30] sw x1,12(x2)
Memory Write to Addr: 0x7FFFEFB8 Val: 0x004000B0
[inst #31] sw x8,8(x2)
Memory Write to Addr: 0x7FFFEFB4 Val: 0x7FFFEFCC
[inst #32] addi x8,x2,16
Register Write to Reg: 0x08 Val: 0x7FFFEFBC
[inst #33] addi x29,x0,6
Register Write to Reg: 0x1D Val: 0x00000006
[inst #34] addi x5,x0,5
Register Write to Reg: 0x05 Val: 0x00000005
[inst #35] addi x6,x0,10
Register Write to Reg: 0x06 Val: 0x0000000A
[inst #36] add x10,x5,x6
Register Write to Reg: 0x0A Val: 0x0000000F
[inst #37] lw x1,12(x2)
Register Write to Reg: 0x01 Val: 0x004000B0
[inst #38] lw x8,8(x2)
Register Write to Reg: 0x08 Val: 0x7FFFEFCC
[inst #39] addi x2,x2,16
Register Write to Reg: 0x02 Val: 0x7FFFEFBC
[inst #40] jalr x0,x1,0
Register Write to Reg: 0x00 Val: 0x004000F4
[inst #41] addi x10,x10,2
Register Write to Reg: 0x0A Val: 0x00000011
[inst #42] lw x1,12(x2)
Register Write to Reg: 0x01 Val: 0x00400084
[inst #43] lw x8,8(x2)
Register Write to Reg: 0x08 Val: 0x7FFFEFDC
[inst #44] addi x2,x2,16
Register Write to Reg: 0x02 Val: 0x7FFFEFCC
[inst #45] jalr x0,x1,0
Register Write to Reg: 0x00 Val: 0x004000C4
[inst #46] slli x10,x10,1
Register Write to Reg: 0x0A Val: 0x00000022
[inst #47] lw x1,12(x2)
Register Write to Reg: 0x01 Val: 0x00400058
[inst #48] lw x8,8(x2)
Register Write to Reg: 0x08 Val: 0x7FFFEFEC
[inst #49] addi x2,x2,16
Register Write to Reg: 0x02 Val: 0x7FFFEFDC
[inst #50] jalr x0,x1,0
Register Write to Reg: 0x00 Val: 0x00400098
[inst #51] slti x10,x10,34
Register Write to Reg: 0x0A Val: 0x00000000
[inst #52] lw x1,12(x2)
Register Write to Reg: 0x01 Val: 0x0040002C
[inst #53] lw x8,8(x2)
Register Write to Reg: 0x08 Val: 0x7FFFEFFC
[inst #54] addi x2,x2,16
Register Write to Reg: 0x02 Val: 0x7FFFEFEC
[inst #55] jalr x0,x1,0
Register Write to Reg: 0x00 Val: 0x0040006C
[inst #56] bne x10,x0,200
[inst #57] lw x1,12(x2)
Register Write to Reg: 0x01 Val: 0x00400010
[inst #58] lw x8,8(x2)
Register Write to Reg: 0x08 Val: 0x00000000
[inst #59] addi x2,x2,16
Register Write to Reg: 0x02 Val: 0x7FFFEFFC
[inst #60] jalr x0,x1,0
Register Write to Reg: 0x00 Val: 0x00400040
[inst #61] jal x0,236
Register Write to Reg: 0x00 Val: 0x00400014
[inst #62] addi x28,x0,0
Register Write to Reg: 0x1C Val: 0x00000000
[inst #63] lui x29,15
Register Write to Reg: 0x1D Val: 0x0000F000
[inst #64] addi x29,x29,13
Register Write to Reg: 0x1D Val: 0x0000F00D
[inst #65] ebreak 

Program terminated by dropping off the bottom.
