In clock cycle: 3
Register Write to Reg: 0x00 Val: 0x00000000
In clock cycle: 4
Register Write to Reg: 0x08 Val: 0x10010000
In clock cycle: 5
Register Write to Reg: 0x08 Val: 0x10010000
In clock cycle: 6
Register Write to Reg: 0x15 Val: 0x10010008
In clock cycle: 7
Register Write to Reg: 0x15 Val: 0x1001004C
In clock cycle: 9
Register Write to Reg: 0x15 Val: 0x00000013
In clock cycle: 10
Register Write to Reg: 0x12 Val: 0x00000001
In clock cycle: 12
Memory Write to Addr: 0x10010000 Val: 0x00000001
In clock cycle: 13
Memory Write to Addr: 0x10010004 Val: 0x00000001
In clock cycle: 15
Register Write to Reg: 0x09 Val: 0x00000011
In clock cycle: 16
Register Write to Reg: 0x13 Val: 0x00000001
In clock cycle: 17
Register Write to Reg: 0x14 Val: 0x00000001
In clock cycle: 20
Register Write to Reg: 0x12 Val: 0x00000002
In clock cycle: 22
Memory Write to Addr: 0x10010008 Val: 0x00000002
In clock cycle: 25
Register Write to Reg: 0x08 Val: 0x10010004
In clock cycle: 26
Register Write to Reg: 0x09 Val: 0x00000010
In clock cycle: 29
Register Write to Reg: 0x00 Val: 0x00000000
In clock cycle: 30
Register Write to Reg: 0x13 Val: 0x00000001
In clock cycle: 31
Register Write to Reg: 0x14 Val: 0x00000002
In clock cycle: 34
Register Write to Reg: 0x12 Val: 0x00000003
In clock cycle: 36
Memory Write to Addr: 0x1001000C Val: 0x00000003
In clock cycle: 39
Register Write to Reg: 0x08 Val: 0x10010008
In clock cycle: 40
Register Write to Reg: 0x09 Val: 0x0000000F
In clock cycle: 43
Register Write to Reg: 0x00 Val: 0x00000000
In clock cycle: 44
Register Write to Reg: 0x13 Val: 0x00000002
In clock cycle: 45
Register Write to Reg: 0x14 Val: 0x00000003
In clock cycle: 48
Register Write to Reg: 0x12 Val: 0x00000005
In clock cycle: 50
Memory Write to Addr: 0x10010010 Val: 0x00000005
In clock cycle: 53
Register Write to Reg: 0x08 Val: 0x1001000C
In clock cycle: 54
Register Write to Reg: 0x09 Val: 0x0000000E
In clock cycle: 57
Register Write to Reg: 0x00 Val: 0x00000000
In clock cycle: 58
Register Write to Reg: 0x13 Val: 0x00000003
In clock cycle: 59
Register Write to Reg: 0x14 Val: 0x00000005
In clock cycle: 62
Register Write to Reg: 0x12 Val: 0x00000008
In clock cycle: 64
Memory Write to Addr: 0x10010014 Val: 0x00000008
In clock cycle: 67
Register Write to Reg: 0x08 Val: 0x10010010
In clock cycle: 68
Register Write to Reg: 0x09 Val: 0x0000000D
In clock cycle: 71
Register Write to Reg: 0x00 Val: 0x00000000
In clock cycle: 72
Register Write to Reg: 0x13 Val: 0x00000005
In clock cycle: 73
Register Write to Reg: 0x14 Val: 0x00000008
In clock cycle: 76
Register Write to Reg: 0x12 Val: 0x0000000D
In clock cycle: 78
Memory Write to Addr: 0x10010018 Val: 0x0000000D
In clock cycle: 81
Register Write to Reg: 0x08 Val: 0x10010014
In clock cycle: 82
Register Write to Reg: 0x09 Val: 0x0000000C
In clock cycle: 85
Register Write to Reg: 0x00 Val: 0x00000000
In clock cycle: 86
Register Write to Reg: 0x13 Val: 0x00000008
In clock cycle: 87
Register Write to Reg: 0x14 Val: 0x0000000D
In clock cycle: 90
Register Write to Reg: 0x12 Val: 0x00000015
In clock cycle: 92
Memory Write to Addr: 0x1001001C Val: 0x00000015
In clock cycle: 95
Register Write to Reg: 0x08 Val: 0x10010018
In clock cycle: 96
Register Write to Reg: 0x09 Val: 0x0000000B
In clock cycle: 99
Register Write to Reg: 0x00 Val: 0x00000000
In clock cycle: 100
Register Write to Reg: 0x13 Val: 0x0000000D
In clock cycle: 101
Register Write to Reg: 0x14 Val: 0x00000015
In clock cycle: 104
Register Write to Reg: 0x12 Val: 0x00000022
In clock cycle: 106
Memory Write to Addr: 0x10010020 Val: 0x00000022
In clock cycle: 109
Register Write to Reg: 0x08 Val: 0x1001001C
In clock cycle: 110
Register Write to Reg: 0x09 Val: 0x0000000A
In clock cycle: 113
Register Write to Reg: 0x00 Val: 0x00000000
In clock cycle: 114
Register Write to Reg: 0x13 Val: 0x00000015
In clock cycle: 115
Register Write to Reg: 0x14 Val: 0x00000022
In clock cycle: 118
Register Write to Reg: 0x12 Val: 0x00000037
In clock cycle: 120
Memory Write to Addr: 0x10010024 Val: 0x00000037
In clock cycle: 123
Register Write to Reg: 0x08 Val: 0x10010020
In clock cycle: 124
Register Write to Reg: 0x09 Val: 0x00000009
In clock cycle: 127
Register Write to Reg: 0x00 Val: 0x00000000
In clock cycle: 128
Register Write to Reg: 0x13 Val: 0x00000022
In clock cycle: 129
Register Write to Reg: 0x14 Val: 0x00000037
In clock cycle: 132
Register Write to Reg: 0x12 Val: 0x00000059
In clock cycle: 134
Memory Write to Addr: 0x10010028 Val: 0x00000059
In clock cycle: 137
Register Write to Reg: 0x08 Val: 0x10010024
In clock cycle: 138
Register Write to Reg: 0x09 Val: 0x00000008
In clock cycle: 141
Register Write to Reg: 0x00 Val: 0x00000000
In clock cycle: 142
Register Write to Reg: 0x13 Val: 0x00000037
In clock cycle: 143
Register Write to Reg: 0x14 Val: 0x00000059
In clock cycle: 146
Register Write to Reg: 0x12 Val: 0x00000090
In clock cycle: 148
Memory Write to Addr: 0x1001002C Val: 0x00000090
In clock cycle: 151
Register Write to Reg: 0x08 Val: 0x10010028
In clock cycle: 152
Register Write to Reg: 0x09 Val: 0x00000007
In clock cycle: 155
Register Write to Reg: 0x00 Val: 0x00000000
In clock cycle: 156
Register Write to Reg: 0x13 Val: 0x00000059
In clock cycle: 157
Register Write to Reg: 0x14 Val: 0x00000090
In clock cycle: 160
Register Write to Reg: 0x12 Val: 0x000000E9
In clock cycle: 162
Memory Write to Addr: 0x10010030 Val: 0x000000E9
In clock cycle: 165
Register Write to Reg: 0x08 Val: 0x1001002C
In clock cycle: 166
Register Write to Reg: 0x09 Val: 0x00000006
In clock cycle: 169
Register Write to Reg: 0x00 Val: 0x00000000
In clock cycle: 170
Register Write to Reg: 0x13 Val: 0x00000090
In clock cycle: 171
Register Write to Reg: 0x14 Val: 0x000000E9
In clock cycle: 174
Register Write to Reg: 0x12 Val: 0x00000179
In clock cycle: 176
Memory Write to Addr: 0x10010034 Val: 0x00000179
In clock cycle: 179
Register Write to Reg: 0x08 Val: 0x10010030
In clock cycle: 180
Register Write to Reg: 0x09 Val: 0x00000005
In clock cycle: 183
Register Write to Reg: 0x00 Val: 0x00000000
In clock cycle: 184
Register Write to Reg: 0x13 Val: 0x000000E9
In clock cycle: 185
Register Write to Reg: 0x14 Val: 0x00000179
In clock cycle: 188
Register Write to Reg: 0x12 Val: 0x00000262
In clock cycle: 190
Memory Write to Addr: 0x10010038 Val: 0x00000262
In clock cycle: 193
Register Write to Reg: 0x08 Val: 0x10010034
In clock cycle: 194
Register Write to Reg: 0x09 Val: 0x00000004
In clock cycle: 197
Register Write to Reg: 0x00 Val: 0x00000000
In clock cycle: 198
Register Write to Reg: 0x13 Val: 0x00000179
In clock cycle: 199
Register Write to Reg: 0x14 Val: 0x00000262
In clock cycle: 202
Register Write to Reg: 0x12 Val: 0x000003DB
In clock cycle: 204
Memory Write to Addr: 0x1001003C Val: 0x000003DB
In clock cycle: 207
Register Write to Reg: 0x08 Val: 0x10010038
In clock cycle: 208
Register Write to Reg: 0x09 Val: 0x00000003
In clock cycle: 211
Register Write to Reg: 0x00 Val: 0x00000000
In clock cycle: 212
Register Write to Reg: 0x13 Val: 0x00000262
In clock cycle: 213
Register Write to Reg: 0x14 Val: 0x000003DB
In clock cycle: 216
Register Write to Reg: 0x12 Val: 0x0000063D
In clock cycle: 218
Memory Write to Addr: 0x10010040 Val: 0x0000063D
In clock cycle: 221
Register Write to Reg: 0x08 Val: 0x1001003C
In clock cycle: 222
Register Write to Reg: 0x09 Val: 0x00000002
In clock cycle: 225
Register Write to Reg: 0x00 Val: 0x00000000
In clock cycle: 226
Register Write to Reg: 0x13 Val: 0x000003DB
In clock cycle: 227
Register Write to Reg: 0x14 Val: 0x0000063D
In clock cycle: 230
Register Write to Reg: 0x12 Val: 0x00000A18
In clock cycle: 232
Memory Write to Addr: 0x10010044 Val: 0x00000A18
In clock cycle: 235
Register Write to Reg: 0x08 Val: 0x10010040
In clock cycle: 236
Register Write to Reg: 0x09 Val: 0x00000001
In clock cycle: 239
Register Write to Reg: 0x00 Val: 0x00000000
In clock cycle: 240
Register Write to Reg: 0x13 Val: 0x0000063D
In clock cycle: 241
Register Write to Reg: 0x14 Val: 0x00000A18
In clock cycle: 244
Register Write to Reg: 0x12 Val: 0x00001055
In clock cycle: 246
Memory Write to Addr: 0x10010048 Val: 0x00001055
In clock cycle: 249
Register Write to Reg: 0x08 Val: 0x10010044
In clock cycle: 250
Register Write to Reg: 0x09 Val: 0x00000000
In clock cycle: 252
Register Write to Reg: 0x0A Val: 0x10010040
In clock cycle: 253
Register Write to Reg: 0x0A Val: 0x10010000
In clock cycle: 254
Register Write to Reg: 0x0B Val: 0x00000013
In clock cycle: 255
Register Write to Reg: 0x01 Val: 0x00400050
In clock cycle: 257
Register Write to Reg: 0x00 Val: 0x00000000
In clock cycle: 258
Register Write to Reg: 0x05 Val: 0x10010000
In clock cycle: 259
Register Write to Reg: 0x06 Val: 0x00000013
In clock cycle: 260
Register Write to Reg: 0x0A Val: 0x1001005C
In clock cycle: 261
Register Write to Reg: 0x0A Val: 0x10010089
In clock cycle: 262
Register Write to Reg: 0x11 Val: 0x00000004
In clock cycle: 264
Register Write to Reg: 0x0A Val: 0x00000001
In clock cycle: 265
Register Write to Reg: 0x11 Val: 0x00000001
In clock cycle: 267
Register Write to Reg: 0x0A Val: 0x10010078
In clock cycle: 268
Register Write to Reg: 0x0A Val: 0x10010087
In clock cycle: 269
Register Write to Reg: 0x11 Val: 0x00000004
In clock cycle: 271
Register Write to Reg: 0x05 Val: 0x10010004
In clock cycle: 272
Register Write to Reg: 0x06 Val: 0x00000012
In clock cycle: 275
Register Write to Reg: 0x00 Val: 0x00000000
In clock cycle: 276
Register Write to Reg: 0x0A Val: 0x00000001
In clock cycle: 277
Register Write to Reg: 0x11 Val: 0x00000001
In clock cycle: 279
Register Write to Reg: 0x0A Val: 0x10010078
In clock cycle: 280
Register Write to Reg: 0x0A Val: 0x10010087
In clock cycle: 281
Register Write to Reg: 0x11 Val: 0x00000004
In clock cycle: 283
Register Write to Reg: 0x05 Val: 0x10010008
In clock cycle: 284
Register Write to Reg: 0x06 Val: 0x00000011
In clock cycle: 287
Register Write to Reg: 0x00 Val: 0x00000000
In clock cycle: 288
Register Write to Reg: 0x0A Val: 0x00000002
In clock cycle: 289
Register Write to Reg: 0x11 Val: 0x00000001
In clock cycle: 291
Register Write to Reg: 0x0A Val: 0x10010078
In clock cycle: 292
Register Write to Reg: 0x0A Val: 0x10010087
In clock cycle: 293
Register Write to Reg: 0x11 Val: 0x00000004
In clock cycle: 295
Register Write to Reg: 0x05 Val: 0x1001000C
In clock cycle: 296
Register Write to Reg: 0x06 Val: 0x00000010
In clock cycle: 299
Register Write to Reg: 0x00 Val: 0x00000000
In clock cycle: 300
Register Write to Reg: 0x0A Val: 0x00000003
In clock cycle: 301
Register Write to Reg: 0x11 Val: 0x00000001
In clock cycle: 303
Register Write to Reg: 0x0A Val: 0x10010078
In clock cycle: 304
Register Write to Reg: 0x0A Val: 0x10010087
In clock cycle: 305
Register Write to Reg: 0x11 Val: 0x00000004
In clock cycle: 307
Register Write to Reg: 0x05 Val: 0x10010010
In clock cycle: 308
Register Write to Reg: 0x06 Val: 0x0000000F
In clock cycle: 311
Register Write to Reg: 0x00 Val: 0x00000000
In clock cycle: 312
Register Write to Reg: 0x0A Val: 0x00000005
In clock cycle: 313
Register Write to Reg: 0x11 Val: 0x00000001
In clock cycle: 315
Register Write to Reg: 0x0A Val: 0x10010078
In clock cycle: 316
Register Write to Reg: 0x0A Val: 0x10010087
In clock cycle: 317
Register Write to Reg: 0x11 Val: 0x00000004
In clock cycle: 319
Register Write to Reg: 0x05 Val: 0x10010014
In clock cycle: 320
Register Write to Reg: 0x06 Val: 0x0000000E
In clock cycle: 323
Register Write to Reg: 0x00 Val: 0x00000000
In clock cycle: 324
Register Write to Reg: 0x0A Val: 0x00000008
In clock cycle: 325
Register Write to Reg: 0x11 Val: 0x00000001
In clock cycle: 327
Register Write to Reg: 0x0A Val: 0x10010078
In clock cycle: 328
Register Write to Reg: 0x0A Val: 0x10010087
In clock cycle: 329
Register Write to Reg: 0x11 Val: 0x00000004
In clock cycle: 331
Register Write to Reg: 0x05 Val: 0x10010018
In clock cycle: 332
Register Write to Reg: 0x06 Val: 0x0000000D
In clock cycle: 335
Register Write to Reg: 0x00 Val: 0x00000000
In clock cycle: 336
Register Write to Reg: 0x0A Val: 0x0000000D
In clock cycle: 337
Register Write to Reg: 0x11 Val: 0x00000001
In clock cycle: 339
Register Write to Reg: 0x0A Val: 0x10010078
In clock cycle: 340
Register Write to Reg: 0x0A Val: 0x10010087
In clock cycle: 341
Register Write to Reg: 0x11 Val: 0x00000004
In clock cycle: 343
Register Write to Reg: 0x05 Val: 0x1001001C
In clock cycle: 344
Register Write to Reg: 0x06 Val: 0x0000000C
In clock cycle: 347
Register Write to Reg: 0x00 Val: 0x00000000
In clock cycle: 348
Register Write to Reg: 0x0A Val: 0x00000015
In clock cycle: 349
Register Write to Reg: 0x11 Val: 0x00000001
In clock cycle: 351
Register Write to Reg: 0x0A Val: 0x10010078
In clock cycle: 352
Register Write to Reg: 0x0A Val: 0x10010087
In clock cycle: 353
Register Write to Reg: 0x11 Val: 0x00000004
In clock cycle: 355
Register Write to Reg: 0x05 Val: 0x10010020
In clock cycle: 356
Register Write to Reg: 0x06 Val: 0x0000000B
In clock cycle: 359
Register Write to Reg: 0x00 Val: 0x00000000
In clock cycle: 360
Register Write to Reg: 0x0A Val: 0x00000022
In clock cycle: 361
Register Write to Reg: 0x11 Val: 0x00000001
In clock cycle: 363
Register Write to Reg: 0x0A Val: 0x10010078
In clock cycle: 364
Register Write to Reg: 0x0A Val: 0x10010087
In clock cycle: 365
Register Write to Reg: 0x11 Val: 0x00000004
In clock cycle: 367
Register Write to Reg: 0x05 Val: 0x10010024
In clock cycle: 368
Register Write to Reg: 0x06 Val: 0x0000000A
In clock cycle: 371
Register Write to Reg: 0x00 Val: 0x00000000
In clock cycle: 372
Register Write to Reg: 0x0A Val: 0x00000037
In clock cycle: 373
Register Write to Reg: 0x11 Val: 0x00000001
In clock cycle: 375
Register Write to Reg: 0x0A Val: 0x10010078
In clock cycle: 376
Register Write to Reg: 0x0A Val: 0x10010087
In clock cycle: 377
Register Write to Reg: 0x11 Val: 0x00000004
In clock cycle: 379
Register Write to Reg: 0x05 Val: 0x10010028
In clock cycle: 380
Register Write to Reg: 0x06 Val: 0x00000009
In clock cycle: 383
Register Write to Reg: 0x00 Val: 0x00000000
In clock cycle: 384
Register Write to Reg: 0x0A Val: 0x00000059
In clock cycle: 385
Register Write to Reg: 0x11 Val: 0x00000001
In clock cycle: 387
Register Write to Reg: 0x0A Val: 0x10010078
In clock cycle: 388
Register Write to Reg: 0x0A Val: 0x10010087
In clock cycle: 389
Register Write to Reg: 0x11 Val: 0x00000004
In clock cycle: 391
Register Write to Reg: 0x05 Val: 0x1001002C
In clock cycle: 392
Register Write to Reg: 0x06 Val: 0x00000008
In clock cycle: 395
Register Write to Reg: 0x00 Val: 0x00000000
In clock cycle: 396
Register Write to Reg: 0x0A Val: 0x00000090
In clock cycle: 397
Register Write to Reg: 0x11 Val: 0x00000001
In clock cycle: 399
Register Write to Reg: 0x0A Val: 0x10010078
In clock cycle: 400
Register Write to Reg: 0x0A Val: 0x10010087
In clock cycle: 401
Register Write to Reg: 0x11 Val: 0x00000004
In clock cycle: 403
Register Write to Reg: 0x05 Val: 0x10010030
In clock cycle: 404
Register Write to Reg: 0x06 Val: 0x00000007
In clock cycle: 407
Register Write to Reg: 0x00 Val: 0x00000000
In clock cycle: 408
Register Write to Reg: 0x0A Val: 0x000000E9
In clock cycle: 409
Register Write to Reg: 0x11 Val: 0x00000001
In clock cycle: 411
Register Write to Reg: 0x0A Val: 0x10010078
In clock cycle: 412
Register Write to Reg: 0x0A Val: 0x10010087
In clock cycle: 413
Register Write to Reg: 0x11 Val: 0x00000004
In clock cycle: 415
Register Write to Reg: 0x05 Val: 0x10010034
In clock cycle: 416
Register Write to Reg: 0x06 Val: 0x00000006
In clock cycle: 419
Register Write to Reg: 0x00 Val: 0x00000000
In clock cycle: 420
Register Write to Reg: 0x0A Val: 0x00000179
In clock cycle: 421
Register Write to Reg: 0x11 Val: 0x00000001
In clock cycle: 423
Register Write to Reg: 0x0A Val: 0x10010078
In clock cycle: 424
Register Write to Reg: 0x0A Val: 0x10010087
In clock cycle: 425
Register Write to Reg: 0x11 Val: 0x00000004
In clock cycle: 427
Register Write to Reg: 0x05 Val: 0x10010038
In clock cycle: 428
Register Write to Reg: 0x06 Val: 0x00000005
In clock cycle: 431
Register Write to Reg: 0x00 Val: 0x00000000
In clock cycle: 432
Register Write to Reg: 0x0A Val: 0x00000262
In clock cycle: 433
Register Write to Reg: 0x11 Val: 0x00000001
In clock cycle: 435
Register Write to Reg: 0x0A Val: 0x10010078
In clock cycle: 436
Register Write to Reg: 0x0A Val: 0x10010087
In clock cycle: 437
Register Write to Reg: 0x11 Val: 0x00000004
In clock cycle: 439
Register Write to Reg: 0x05 Val: 0x1001003C
In clock cycle: 440
Register Write to Reg: 0x06 Val: 0x00000004
In clock cycle: 443
Register Write to Reg: 0x00 Val: 0x00000000
In clock cycle: 444
Register Write to Reg: 0x0A Val: 0x000003DB
In clock cycle: 445
Register Write to Reg: 0x11 Val: 0x00000001
In clock cycle: 447
Register Write to Reg: 0x0A Val: 0x10010078
In clock cycle: 448
Register Write to Reg: 0x0A Val: 0x10010087
In clock cycle: 449
Register Write to Reg: 0x11 Val: 0x00000004
In clock cycle: 451
Register Write to Reg: 0x05 Val: 0x10010040
In clock cycle: 452
Register Write to Reg: 0x06 Val: 0x00000003
In clock cycle: 455
Register Write to Reg: 0x00 Val: 0x00000000
In clock cycle: 456
Register Write to Reg: 0x0A Val: 0x0000063D
In clock cycle: 457
Register Write to Reg: 0x11 Val: 0x00000001
In clock cycle: 459
Register Write to Reg: 0x0A Val: 0x10010078
In clock cycle: 460
Register Write to Reg: 0x0A Val: 0x10010087
In clock cycle: 461
Register Write to Reg: 0x11 Val: 0x00000004
In clock cycle: 463
Register Write to Reg: 0x05 Val: 0x10010044
In clock cycle: 464
Register Write to Reg: 0x06 Val: 0x00000002
In clock cycle: 467
Register Write to Reg: 0x00 Val: 0x00000000
In clock cycle: 468
Register Write to Reg: 0x0A Val: 0x00000A18
In clock cycle: 469
Register Write to Reg: 0x11 Val: 0x00000001
In clock cycle: 471
Register Write to Reg: 0x0A Val: 0x10010078
In clock cycle: 472
Register Write to Reg: 0x0A Val: 0x10010087
In clock cycle: 473
Register Write to Reg: 0x11 Val: 0x00000004
In clock cycle: 475
Register Write to Reg: 0x05 Val: 0x10010048
In clock cycle: 476
Register Write to Reg: 0x06 Val: 0x00000001
In clock cycle: 479
Register Write to Reg: 0x00 Val: 0x00000000
In clock cycle: 480
Register Write to Reg: 0x0A Val: 0x00001055
In clock cycle: 481
Register Write to Reg: 0x11 Val: 0x00000001
In clock cycle: 483
Register Write to Reg: 0x0A Val: 0x10010078
In clock cycle: 484
Register Write to Reg: 0x0A Val: 0x10010087
In clock cycle: 485
Register Write to Reg: 0x11 Val: 0x00000004
In clock cycle: 487
Register Write to Reg: 0x05 Val: 0x1001004C
In clock cycle: 488
Register Write to Reg: 0x06 Val: 0x00000000
In clock cycle: 490
Register Write to Reg: 0x00 Val: 0x00400098
In clock cycle: 492
Register Write to Reg: 0x00 Val: 0x00000000
In clock cycle: 493
Register Write to Reg: 0x00 Val: 0x00400054
In clock cycle: 495
Register Write to Reg: 0x00 Val: 0x00000000
Execution stopped at cycle 496
